
ROM used: 138 (2%)
          138 (2%) including unused fragments

          0 Average locations per line
          14 Average locations per statement

RAM used: 16 (4%) at main() level
          18 (5%) worst case

Stack used: 2 worst case (out of 7 total available)

Lines Stmts  %   Files
----- ----- ---  -----
   41    10 100  receptor.c
  244     0   0  C:\Program Files\PICC\devices\16F876.h
----- -----
  285    10 Total

Page ROM  %  RAM   Vol Diff  Functions:
---- --- --- ---   --- ----  ----------
0     22  16   1             @delay_ms1
0     12   9   1    48  1.7  recepcion
0     51  37   1   127  1.7  MAIN

Program metrics:
    Functions               2
    Statements              10
    Comments                75
    Volume (V)              218
    Difficilty (D)          3.3
    Effort to implement (E) 720
    Time to implement (T)   1 minutes
    Est Delivered Bugs (B)  0
    Cyclomatic Complexity   1
    Maintainability (MI)    117

 Segment     Used  Free
-----------  ----  ----
00000-00003     4  0  
00004-00034    49  0  
00035-007FF    85  1910  
00800-00FFF     0  2048  
01000-017FF     0  2048  
01800-01FFF     0  2048  



THE FOLLOWING IS TEMPORARY FOR DIAGNOSTIC USE ONLY:

    n1    n2    N1    N2   v(G)
     0     1     0     0     0    @delay_ms1
     4     7     8     6     0    recepcion
     4    15    17    13     0    MAIN
